25-02-28.09:31:47.388 [main            ] WARN  ServiceAnnotationPostProcessor -  [DUBBO] No class annotated by Dubbo @Service was found under package [cn.bugstack.api], ignore re-scanned classes: 0, dubbo version: 3.0.9, current host: 192.168.40.1
25-02-28.09:31:50.376 [main            ] WARN  ConfigurationUtils     -  [DUBBO] Config center was specified, but no config item found., dubbo version: 3.0.9, current host: 192.168.40.1
25-02-28.09:31:50.376 [main            ] WARN  ConfigurationUtils     -  [DUBBO] Config center was specified, but no config item found., dubbo version: 3.0.9, current host: 192.168.40.1
25-02-28.09:31:57.644 [main            ] ERROR ListenerContainerConfiguration - Started container failed. DefaultRocketMQListenerContainer{consumerGroup='xfg-group', nameServer='127.0.0.1:9876', topic='xfg-mq', consumeMode=CONCURRENTLY, selectorType=TAG, selectorExpression='*', messageModel=CLUSTERING}
java.lang.IllegalStateException: org.apache.rocketmq.remoting.exception.RemotingConnectException: connect to [127.0.0.1:9876] failed
	at org.apache.rocketmq.client.impl.factory.MQClientInstance.updateTopicRouteInfoFromNameServer(MQClientInstance.java:679)
	at org.apache.rocketmq.client.impl.factory.MQClientInstance.updateTopicRouteInfoFromNameServer(MQClientInstance.java:509)
	at org.apache.rocketmq.client.impl.consumer.DefaultMQPushConsumerImpl.updateTopicSubscribeInfoWhenSubscriptionChanged(DefaultMQPushConsumerImpl.java:866)
	at org.apache.rocketmq.client.impl.consumer.DefaultMQPushConsumerImpl.start(DefaultMQPushConsumerImpl.java:647)
	at org.apache.rocketmq.client.consumer.DefaultMQPushConsumer.start(DefaultMQPushConsumer.java:698)
	at org.apache.rocketmq.spring.support.DefaultRocketMQListenerContainer.start(DefaultRocketMQListenerContainer.java:279)
	at org.apache.rocketmq.spring.autoconfigure.ListenerContainerConfiguration.registerContainer(ListenerContainerConfiguration.java:120)
	at java.util.HashMap.forEach(HashMap.java:1290)
	at org.apache.rocketmq.spring.autoconfigure.ListenerContainerConfiguration.afterSingletonsInstantiated(ListenerContainerConfiguration.java:79)
	at org.springframework.beans.factory.support.DefaultListableBeanFactory.preInstantiateSingletons(DefaultListableBeanFactory.java:974)
	at org.springframework.context.support.AbstractApplicationContext.finishBeanFactoryInitialization(AbstractApplicationContext.java:920)
	at org.springframework.context.support.AbstractApplicationContext.refresh(AbstractApplicationContext.java:583)
	at org.springframework.boot.SpringApplication.refresh(SpringApplication.java:731)
	at org.springframework.boot.SpringApplication.refreshContext(SpringApplication.java:408)
	at org.springframework.boot.SpringApplication.run(SpringApplication.java:307)
	at org.springframework.boot.test.context.SpringBootContextLoader.loadContext(SpringBootContextLoader.java:136)
	at org.springframework.test.context.cache.DefaultCacheAwareContextLoaderDelegate.loadContextInternal(DefaultCacheAwareContextLoaderDelegate.java:141)
	at org.springframework.test.context.cache.DefaultCacheAwareContextLoaderDelegate.loadContext(DefaultCacheAwareContextLoaderDelegate.java:90)
	at org.springframework.test.context.support.DefaultTestContext.getApplicationContext(DefaultTestContext.java:124)
	at org.springframework.test.context.web.ServletTestExecutionListener.setUpRequestContextIfNecessary(ServletTestExecutionListener.java:190)
	at org.springframework.test.context.web.ServletTestExecutionListener.prepareTestInstance(ServletTestExecutionListener.java:132)
	at org.springframework.test.context.TestContextManager.prepareTestInstance(TestContextManager.java:248)
	at org.springframework.test.context.junit4.SpringJUnit4ClassRunner.createTest(SpringJUnit4ClassRunner.java:227)
	at org.springframework.test.context.junit4.SpringJUnit4ClassRunner$1.runReflectiveCall(SpringJUnit4ClassRunner.java:289)
	at org.junit.internal.runners.model.ReflectiveCallable.run(ReflectiveCallable.java:12)
	at org.springframework.test.context.junit4.SpringJUnit4ClassRunner.methodBlock(SpringJUnit4ClassRunner.java:291)
	at org.springframework.test.context.junit4.SpringJUnit4ClassRunner.runChild(SpringJUnit4ClassRunner.java:246)
	at org.springframework.test.context.junit4.SpringJUnit4ClassRunner.runChild(SpringJUnit4ClassRunner.java:97)
	at org.junit.runners.ParentRunner$4.run(ParentRunner.java:331)
	at org.junit.runners.ParentRunner$1.schedule(ParentRunner.java:79)
	at org.junit.runners.ParentRunner.runChildren(ParentRunner.java:329)
	at org.junit.runners.ParentRunner.access$100(ParentRunner.java:66)
	at org.junit.runners.ParentRunner$2.evaluate(ParentRunner.java:293)
	at org.springframework.test.context.junit4.statements.RunBeforeTestClassCallbacks.evaluate(RunBeforeTestClassCallbacks.java:61)
	at org.springframework.test.context.junit4.statements.RunAfterTestClassCallbacks.evaluate(RunAfterTestClassCallbacks.java:70)
	at org.junit.runners.ParentRunner$3.evaluate(ParentRunner.java:306)
	at org.junit.runners.ParentRunner.run(ParentRunner.java:413)
	at org.springframework.test.context.junit4.SpringJUnit4ClassRunner.run(SpringJUnit4ClassRunner.java:190)
	at org.junit.runner.JUnitCore.run(JUnitCore.java:137)
	at com.intellij.junit4.JUnit4IdeaTestRunner.startRunnerWithArgs(JUnit4IdeaTestRunner.java:69)
	at com.intellij.rt.junit.IdeaTestRunner$Repeater$1.execute(IdeaTestRunner.java:38)
	at com.intellij.rt.execution.junit.TestsRepeater.repeat(TestsRepeater.java:11)
	at com.intellij.rt.junit.IdeaTestRunner$Repeater.startRunnerWithArgs(IdeaTestRunner.java:35)
	at com.intellij.rt.junit.JUnitStarter.prepareStreamsAndStart(JUnitStarter.java:235)
	at com.intellij.rt.junit.JUnitStarter.main(JUnitStarter.java:54)
Caused by: org.apache.rocketmq.remoting.exception.RemotingConnectException: connect to [127.0.0.1:9876] failed
	at org.apache.rocketmq.remoting.netty.NettyRemotingClient.getAndCreateNameserverChannel(NettyRemotingClient.java:445)
	at org.apache.rocketmq.remoting.netty.NettyRemotingClient.getAndCreateChannel(NettyRemotingClient.java:400)
	at org.apache.rocketmq.remoting.netty.NettyRemotingClient.invokeSync(NettyRemotingClient.java:369)
	at org.apache.rocketmq.client.impl.MQClientAPIImpl.getTopicRouteInfoFromNameServer(MQClientAPIImpl.java:1365)
	at org.apache.rocketmq.client.impl.MQClientAPIImpl.getTopicRouteInfoFromNameServer(MQClientAPIImpl.java:1355)
	at org.apache.rocketmq.client.impl.factory.MQClientInstance.updateTopicRouteInfoFromNameServer(MQClientInstance.java:622)
	... 44 common frames omitted
25-02-28.09:31:57.674 [main            ] ERROR SpringApplication      - Application run failed
java.lang.RuntimeException: java.lang.IllegalStateException: org.apache.rocketmq.remoting.exception.RemotingConnectException: connect to [127.0.0.1:9876] failed
	at org.apache.rocketmq.spring.autoconfigure.ListenerContainerConfiguration.registerContainer(ListenerContainerConfiguration.java:123)
	at java.util.HashMap.forEach(HashMap.java:1290)
	at org.apache.rocketmq.spring.autoconfigure.ListenerContainerConfiguration.afterSingletonsInstantiated(ListenerContainerConfiguration.java:79)
	at org.springframework.beans.factory.support.DefaultListableBeanFactory.preInstantiateSingletons(DefaultListableBeanFactory.java:974)
	at org.springframework.context.support.AbstractApplicationContext.finishBeanFactoryInitialization(AbstractApplicationContext.java:920)
	at org.springframework.context.support.AbstractApplicationContext.refresh(AbstractApplicationContext.java:583)
	at org.springframework.boot.SpringApplication.refresh(SpringApplication.java:731)
	at org.springframework.boot.SpringApplication.refreshContext(SpringApplication.java:408)
	at org.springframework.boot.SpringApplication.run(SpringApplication.java:307)
	at org.springframework.boot.test.context.SpringBootContextLoader.loadContext(SpringBootContextLoader.java:136)
	at org.springframework.test.context.cache.DefaultCacheAwareContextLoaderDelegate.loadContextInternal(DefaultCacheAwareContextLoaderDelegate.java:141)
	at org.springframework.test.context.cache.DefaultCacheAwareContextLoaderDelegate.loadContext(DefaultCacheAwareContextLoaderDelegate.java:90)
	at org.springframework.test.context.support.DefaultTestContext.getApplicationContext(DefaultTestContext.java:124)
	at org.springframework.test.context.web.ServletTestExecutionListener.setUpRequestContextIfNecessary(ServletTestExecutionListener.java:190)
	at org.springframework.test.context.web.ServletTestExecutionListener.prepareTestInstance(ServletTestExecutionListener.java:132)
	at org.springframework.test.context.TestContextManager.prepareTestInstance(TestContextManager.java:248)
	at org.springframework.test.context.junit4.SpringJUnit4ClassRunner.createTest(SpringJUnit4ClassRunner.java:227)
	at org.springframework.test.context.junit4.SpringJUnit4ClassRunner$1.runReflectiveCall(SpringJUnit4ClassRunner.java:289)
	at org.junit.internal.runners.model.ReflectiveCallable.run(ReflectiveCallable.java:12)
	at org.springframework.test.context.junit4.SpringJUnit4ClassRunner.methodBlock(SpringJUnit4ClassRunner.java:291)
	at org.springframework.test.context.junit4.SpringJUnit4ClassRunner.runChild(SpringJUnit4ClassRunner.java:246)
	at org.springframework.test.context.junit4.SpringJUnit4ClassRunner.runChild(SpringJUnit4ClassRunner.java:97)
	at org.junit.runners.ParentRunner$4.run(ParentRunner.java:331)
	at org.junit.runners.ParentRunner$1.schedule(ParentRunner.java:79)
	at org.junit.runners.ParentRunner.runChildren(ParentRunner.java:329)
	at org.junit.runners.ParentRunner.access$100(ParentRunner.java:66)
	at org.junit.runners.ParentRunner$2.evaluate(ParentRunner.java:293)
	at org.springframework.test.context.junit4.statements.RunBeforeTestClassCallbacks.evaluate(RunBeforeTestClassCallbacks.java:61)
	at org.springframework.test.context.junit4.statements.RunAfterTestClassCallbacks.evaluate(RunAfterTestClassCallbacks.java:70)
	at org.junit.runners.ParentRunner$3.evaluate(ParentRunner.java:306)
	at org.junit.runners.ParentRunner.run(ParentRunner.java:413)
	at org.springframework.test.context.junit4.SpringJUnit4ClassRunner.run(SpringJUnit4ClassRunner.java:190)
	at org.junit.runner.JUnitCore.run(JUnitCore.java:137)
	at com.intellij.junit4.JUnit4IdeaTestRunner.startRunnerWithArgs(JUnit4IdeaTestRunner.java:69)
	at com.intellij.rt.junit.IdeaTestRunner$Repeater$1.execute(IdeaTestRunner.java:38)
	at com.intellij.rt.execution.junit.TestsRepeater.repeat(TestsRepeater.java:11)
	at com.intellij.rt.junit.IdeaTestRunner$Repeater.startRunnerWithArgs(IdeaTestRunner.java:35)
	at com.intellij.rt.junit.JUnitStarter.prepareStreamsAndStart(JUnitStarter.java:235)
	at com.intellij.rt.junit.JUnitStarter.main(JUnitStarter.java:54)
Caused by: java.lang.IllegalStateException: org.apache.rocketmq.remoting.exception.RemotingConnectException: connect to [127.0.0.1:9876] failed
	at org.apache.rocketmq.client.impl.factory.MQClientInstance.updateTopicRouteInfoFromNameServer(MQClientInstance.java:679)
	at org.apache.rocketmq.client.impl.factory.MQClientInstance.updateTopicRouteInfoFromNameServer(MQClientInstance.java:509)
	at org.apache.rocketmq.client.impl.consumer.DefaultMQPushConsumerImpl.updateTopicSubscribeInfoWhenSubscriptionChanged(DefaultMQPushConsumerImpl.java:866)
	at org.apache.rocketmq.client.impl.consumer.DefaultMQPushConsumerImpl.start(DefaultMQPushConsumerImpl.java:647)
	at org.apache.rocketmq.client.consumer.DefaultMQPushConsumer.start(DefaultMQPushConsumer.java:698)
	at org.apache.rocketmq.spring.support.DefaultRocketMQListenerContainer.start(DefaultRocketMQListenerContainer.java:279)
	at org.apache.rocketmq.spring.autoconfigure.ListenerContainerConfiguration.registerContainer(ListenerContainerConfiguration.java:120)
	... 38 common frames omitted
Caused by: org.apache.rocketmq.remoting.exception.RemotingConnectException: connect to [127.0.0.1:9876] failed
	at org.apache.rocketmq.remoting.netty.NettyRemotingClient.getAndCreateNameserverChannel(NettyRemotingClient.java:445)
	at org.apache.rocketmq.remoting.netty.NettyRemotingClient.getAndCreateChannel(NettyRemotingClient.java:400)
	at org.apache.rocketmq.remoting.netty.NettyRemotingClient.invokeSync(NettyRemotingClient.java:369)
	at org.apache.rocketmq.client.impl.MQClientAPIImpl.getTopicRouteInfoFromNameServer(MQClientAPIImpl.java:1365)
	at org.apache.rocketmq.client.impl.MQClientAPIImpl.getTopicRouteInfoFromNameServer(MQClientAPIImpl.java:1355)
	at org.apache.rocketmq.client.impl.factory.MQClientInstance.updateTopicRouteInfoFromNameServer(MQClientInstance.java:622)
	... 44 common frames omitted
25-02-28.09:31:57.726 [main            ] ERROR TestContextManager     - Caught exception while allowing TestExecutionListener [org.springframework.test.context.web.ServletTestExecutionListener@a6ff54df] to prepare test instance [cn.godrel.test.domain.StrategyArmoryTest@73260642]
java.lang.IllegalStateException: Failed to load ApplicationContext
	at org.springframework.test.context.cache.DefaultCacheAwareContextLoaderDelegate.loadContext(DefaultCacheAwareContextLoaderDelegate.java:98)
	at org.springframework.test.context.support.DefaultTestContext.getApplicationContext(DefaultTestContext.java:124)
	at org.springframework.test.context.web.ServletTestExecutionListener.setUpRequestContextIfNecessary(ServletTestExecutionListener.java:190)
	at org.springframework.test.context.web.ServletTestExecutionListener.prepareTestInstance(ServletTestExecutionListener.java:132)
	at org.springframework.test.context.TestContextManager.prepareTestInstance(TestContextManager.java:248)
	at org.springframework.test.context.junit4.SpringJUnit4ClassRunner.createTest(SpringJUnit4ClassRunner.java:227)
	at org.springframework.test.context.junit4.SpringJUnit4ClassRunner$1.runReflectiveCall(SpringJUnit4ClassRunner.java:289)
	at org.junit.internal.runners.model.ReflectiveCallable.run(ReflectiveCallable.java:12)
	at org.springframework.test.context.junit4.SpringJUnit4ClassRunner.methodBlock(SpringJUnit4ClassRunner.java:291)
	at org.springframework.test.context.junit4.SpringJUnit4ClassRunner.runChild(SpringJUnit4ClassRunner.java:246)
	at org.springframework.test.context.junit4.SpringJUnit4ClassRunner.runChild(SpringJUnit4ClassRunner.java:97)
	at org.junit.runners.ParentRunner$4.run(ParentRunner.java:331)
	at org.junit.runners.ParentRunner$1.schedule(ParentRunner.java:79)
	at org.junit.runners.ParentRunner.runChildren(ParentRunner.java:329)
	at org.junit.runners.ParentRunner.access$100(ParentRunner.java:66)
	at org.junit.runners.ParentRunner$2.evaluate(ParentRunner.java:293)
	at org.springframework.test.context.junit4.statements.RunBeforeTestClassCallbacks.evaluate(RunBeforeTestClassCallbacks.java:61)
	at org.springframework.test.context.junit4.statements.RunAfterTestClassCallbacks.evaluate(RunAfterTestClassCallbacks.java:70)
	at org.junit.runners.ParentRunner$3.evaluate(ParentRunner.java:306)
	at org.junit.runners.ParentRunner.run(ParentRunner.java:413)
	at org.springframework.test.context.junit4.SpringJUnit4ClassRunner.run(SpringJUnit4ClassRunner.java:190)
	at org.junit.runner.JUnitCore.run(JUnitCore.java:137)
	at com.intellij.junit4.JUnit4IdeaTestRunner.startRunnerWithArgs(JUnit4IdeaTestRunner.java:69)
	at com.intellij.rt.junit.IdeaTestRunner$Repeater$1.execute(IdeaTestRunner.java:38)
	at com.intellij.rt.execution.junit.TestsRepeater.repeat(TestsRepeater.java:11)
	at com.intellij.rt.junit.IdeaTestRunner$Repeater.startRunnerWithArgs(IdeaTestRunner.java:35)
	at com.intellij.rt.junit.JUnitStarter.prepareStreamsAndStart(JUnitStarter.java:235)
	at com.intellij.rt.junit.JUnitStarter.main(JUnitStarter.java:54)
Caused by: java.lang.RuntimeException: java.lang.IllegalStateException: org.apache.rocketmq.remoting.exception.RemotingConnectException: connect to [127.0.0.1:9876] failed
	at org.apache.rocketmq.spring.autoconfigure.ListenerContainerConfiguration.registerContainer(ListenerContainerConfiguration.java:123)
	at java.util.HashMap.forEach(HashMap.java:1290)
	at org.apache.rocketmq.spring.autoconfigure.ListenerContainerConfiguration.afterSingletonsInstantiated(ListenerContainerConfiguration.java:79)
	at org.springframework.beans.factory.support.DefaultListableBeanFactory.preInstantiateSingletons(DefaultListableBeanFactory.java:974)
	at org.springframework.context.support.AbstractApplicationContext.finishBeanFactoryInitialization(AbstractApplicationContext.java:920)
	at org.springframework.context.support.AbstractApplicationContext.refresh(AbstractApplicationContext.java:583)
	at org.springframework.boot.SpringApplication.refresh(SpringApplication.java:731)
	at org.springframework.boot.SpringApplication.refreshContext(SpringApplication.java:408)
	at org.springframework.boot.SpringApplication.run(SpringApplication.java:307)
	at org.springframework.boot.test.context.SpringBootContextLoader.loadContext(SpringBootContextLoader.java:136)
	at org.springframework.test.context.cache.DefaultCacheAwareContextLoaderDelegate.loadContextInternal(DefaultCacheAwareContextLoaderDelegate.java:141)
	at org.springframework.test.context.cache.DefaultCacheAwareContextLoaderDelegate.loadContext(DefaultCacheAwareContextLoaderDelegate.java:90)
	... 27 common frames omitted
Caused by: java.lang.IllegalStateException: org.apache.rocketmq.remoting.exception.RemotingConnectException: connect to [127.0.0.1:9876] failed
	at org.apache.rocketmq.client.impl.factory.MQClientInstance.updateTopicRouteInfoFromNameServer(MQClientInstance.java:679)
	at org.apache.rocketmq.client.impl.factory.MQClientInstance.updateTopicRouteInfoFromNameServer(MQClientInstance.java:509)
	at org.apache.rocketmq.client.impl.consumer.DefaultMQPushConsumerImpl.updateTopicSubscribeInfoWhenSubscriptionChanged(DefaultMQPushConsumerImpl.java:866)
	at org.apache.rocketmq.client.impl.consumer.DefaultMQPushConsumerImpl.start(DefaultMQPushConsumerImpl.java:647)
	at org.apache.rocketmq.client.consumer.DefaultMQPushConsumer.start(DefaultMQPushConsumer.java:698)
	at org.apache.rocketmq.spring.support.DefaultRocketMQListenerContainer.start(DefaultRocketMQListenerContainer.java:279)
	at org.apache.rocketmq.spring.autoconfigure.ListenerContainerConfiguration.registerContainer(ListenerContainerConfiguration.java:120)
	... 38 common frames omitted
Caused by: org.apache.rocketmq.remoting.exception.RemotingConnectException: connect to [127.0.0.1:9876] failed
	at org.apache.rocketmq.remoting.netty.NettyRemotingClient.getAndCreateNameserverChannel(NettyRemotingClient.java:445)
	at org.apache.rocketmq.remoting.netty.NettyRemotingClient.getAndCreateChannel(NettyRemotingClient.java:400)
	at org.apache.rocketmq.remoting.netty.NettyRemotingClient.invokeSync(NettyRemotingClient.java:369)
	at org.apache.rocketmq.client.impl.MQClientAPIImpl.getTopicRouteInfoFromNameServer(MQClientAPIImpl.java:1365)
	at org.apache.rocketmq.client.impl.MQClientAPIImpl.getTopicRouteInfoFromNameServer(MQClientAPIImpl.java:1355)
	at org.apache.rocketmq.client.impl.factory.MQClientInstance.updateTopicRouteInfoFromNameServer(MQClientInstance.java:622)
	... 44 common frames omitted
25-02-28.09:31:57.736 [Thread-4        ] WARN  HttpClientBeanHolder   - [HttpClientBeanHolder] Start destroying common HttpClient
25-02-28.09:31:57.736 [Thread-9        ] WARN  NotifyCenter           - [NotifyCenter] Start destroying Publisher
25-02-28.09:31:57.736 [Thread-9        ] WARN  NotifyCenter           - [NotifyCenter] Destruction of the end
25-02-28.09:31:57.737 [Thread-4        ] WARN  HttpClientBeanHolder   - [HttpClientBeanHolder] Destruction of the end
25-02-28.09:32:23.903 [main            ] WARN  ServiceAnnotationPostProcessor -  [DUBBO] No class annotated by Dubbo @Service was found under package [cn.bugstack.api], ignore re-scanned classes: 0, dubbo version: 3.0.9, current host: 192.168.40.1
25-02-28.09:32:26.786 [main            ] WARN  ConfigurationUtils     -  [DUBBO] Config center was specified, but no config item found., dubbo version: 3.0.9, current host: 192.168.40.1
25-02-28.09:32:26.786 [main            ] WARN  ConfigurationUtils     -  [DUBBO] Config center was specified, but no config item found., dubbo version: 3.0.9, current host: 192.168.40.1
25-02-28.09:32:34.209 [main            ] ERROR ListenerContainerConfiguration - Started container failed. DefaultRocketMQListenerContainer{consumerGroup='xfg-group', nameServer='127.0.0.1:9876', topic='xfg-mq', consumeMode=CONCURRENTLY, selectorType=TAG, selectorExpression='*', messageModel=CLUSTERING}
java.lang.IllegalStateException: org.apache.rocketmq.remoting.exception.RemotingConnectException: connect to [127.0.0.1:9876] failed
	at org.apache.rocketmq.client.impl.factory.MQClientInstance.updateTopicRouteInfoFromNameServer(MQClientInstance.java:679)
	at org.apache.rocketmq.client.impl.factory.MQClientInstance.updateTopicRouteInfoFromNameServer(MQClientInstance.java:509)
	at org.apache.rocketmq.client.impl.consumer.DefaultMQPushConsumerImpl.updateTopicSubscribeInfoWhenSubscriptionChanged(DefaultMQPushConsumerImpl.java:866)
	at org.apache.rocketmq.client.impl.consumer.DefaultMQPushConsumerImpl.start(DefaultMQPushConsumerImpl.java:647)
	at org.apache.rocketmq.client.consumer.DefaultMQPushConsumer.start(DefaultMQPushConsumer.java:698)
	at org.apache.rocketmq.spring.support.DefaultRocketMQListenerContainer.start(DefaultRocketMQListenerContainer.java:279)
	at org.apache.rocketmq.spring.autoconfigure.ListenerContainerConfiguration.registerContainer(ListenerContainerConfiguration.java:120)
	at java.util.HashMap.forEach(HashMap.java:1290)
	at org.apache.rocketmq.spring.autoconfigure.ListenerContainerConfiguration.afterSingletonsInstantiated(ListenerContainerConfiguration.java:79)
	at org.springframework.beans.factory.support.DefaultListableBeanFactory.preInstantiateSingletons(DefaultListableBeanFactory.java:974)
	at org.springframework.context.support.AbstractApplicationContext.finishBeanFactoryInitialization(AbstractApplicationContext.java:920)
	at org.springframework.context.support.AbstractApplicationContext.refresh(AbstractApplicationContext.java:583)
	at org.springframework.boot.SpringApplication.refresh(SpringApplication.java:731)
	at org.springframework.boot.SpringApplication.refreshContext(SpringApplication.java:408)
	at org.springframework.boot.SpringApplication.run(SpringApplication.java:307)
	at org.springframework.boot.test.context.SpringBootContextLoader.loadContext(SpringBootContextLoader.java:136)
	at org.springframework.test.context.cache.DefaultCacheAwareContextLoaderDelegate.loadContextInternal(DefaultCacheAwareContextLoaderDelegate.java:141)
	at org.springframework.test.context.cache.DefaultCacheAwareContextLoaderDelegate.loadContext(DefaultCacheAwareContextLoaderDelegate.java:90)
	at org.springframework.test.context.support.DefaultTestContext.getApplicationContext(DefaultTestContext.java:124)
	at org.springframework.test.context.web.ServletTestExecutionListener.setUpRequestContextIfNecessary(ServletTestExecutionListener.java:190)
	at org.springframework.test.context.web.ServletTestExecutionListener.prepareTestInstance(ServletTestExecutionListener.java:132)
	at org.springframework.test.context.TestContextManager.prepareTestInstance(TestContextManager.java:248)
	at org.springframework.test.context.junit4.SpringJUnit4ClassRunner.createTest(SpringJUnit4ClassRunner.java:227)
	at org.springframework.test.context.junit4.SpringJUnit4ClassRunner$1.runReflectiveCall(SpringJUnit4ClassRunner.java:289)
	at org.junit.internal.runners.model.ReflectiveCallable.run(ReflectiveCallable.java:12)
	at org.springframework.test.context.junit4.SpringJUnit4ClassRunner.methodBlock(SpringJUnit4ClassRunner.java:291)
	at org.springframework.test.context.junit4.SpringJUnit4ClassRunner.runChild(SpringJUnit4ClassRunner.java:246)
	at org.springframework.test.context.junit4.SpringJUnit4ClassRunner.runChild(SpringJUnit4ClassRunner.java:97)
	at org.junit.runners.ParentRunner$4.run(ParentRunner.java:331)
	at org.junit.runners.ParentRunner$1.schedule(ParentRunner.java:79)
	at org.junit.runners.ParentRunner.runChildren(ParentRunner.java:329)
	at org.junit.runners.ParentRunner.access$100(ParentRunner.java:66)
	at org.junit.runners.ParentRunner$2.evaluate(ParentRunner.java:293)
	at org.springframework.test.context.junit4.statements.RunBeforeTestClassCallbacks.evaluate(RunBeforeTestClassCallbacks.java:61)
	at org.springframework.test.context.junit4.statements.RunAfterTestClassCallbacks.evaluate(RunAfterTestClassCallbacks.java:70)
	at org.junit.runners.ParentRunner$3.evaluate(ParentRunner.java:306)
	at org.junit.runners.ParentRunner.run(ParentRunner.java:413)
	at org.springframework.test.context.junit4.SpringJUnit4ClassRunner.run(SpringJUnit4ClassRunner.java:190)
	at org.junit.runner.JUnitCore.run(JUnitCore.java:137)
	at com.intellij.junit4.JUnit4IdeaTestRunner.startRunnerWithArgs(JUnit4IdeaTestRunner.java:69)
	at com.intellij.rt.junit.IdeaTestRunner$Repeater$1.execute(IdeaTestRunner.java:38)
	at com.intellij.rt.execution.junit.TestsRepeater.repeat(TestsRepeater.java:11)
	at com.intellij.rt.junit.IdeaTestRunner$Repeater.startRunnerWithArgs(IdeaTestRunner.java:35)
	at com.intellij.rt.junit.JUnitStarter.prepareStreamsAndStart(JUnitStarter.java:235)
	at com.intellij.rt.junit.JUnitStarter.main(JUnitStarter.java:54)
Caused by: org.apache.rocketmq.remoting.exception.RemotingConnectException: connect to [127.0.0.1:9876] failed
	at org.apache.rocketmq.remoting.netty.NettyRemotingClient.getAndCreateNameserverChannel(NettyRemotingClient.java:445)
	at org.apache.rocketmq.remoting.netty.NettyRemotingClient.getAndCreateChannel(NettyRemotingClient.java:400)
	at org.apache.rocketmq.remoting.netty.NettyRemotingClient.invokeSync(NettyRemotingClient.java:369)
	at org.apache.rocketmq.client.impl.MQClientAPIImpl.getTopicRouteInfoFromNameServer(MQClientAPIImpl.java:1365)
	at org.apache.rocketmq.client.impl.MQClientAPIImpl.getTopicRouteInfoFromNameServer(MQClientAPIImpl.java:1355)
	at org.apache.rocketmq.client.impl.factory.MQClientInstance.updateTopicRouteInfoFromNameServer(MQClientInstance.java:622)
	... 44 common frames omitted
25-02-28.09:32:34.235 [main            ] ERROR SpringApplication      - Application run failed
java.lang.RuntimeException: java.lang.IllegalStateException: org.apache.rocketmq.remoting.exception.RemotingConnectException: connect to [127.0.0.1:9876] failed
	at org.apache.rocketmq.spring.autoconfigure.ListenerContainerConfiguration.registerContainer(ListenerContainerConfiguration.java:123)
	at java.util.HashMap.forEach(HashMap.java:1290)
	at org.apache.rocketmq.spring.autoconfigure.ListenerContainerConfiguration.afterSingletonsInstantiated(ListenerContainerConfiguration.java:79)
	at org.springframework.beans.factory.support.DefaultListableBeanFactory.preInstantiateSingletons(DefaultListableBeanFactory.java:974)
	at org.springframework.context.support.AbstractApplicationContext.finishBeanFactoryInitialization(AbstractApplicationContext.java:920)
	at org.springframework.context.support.AbstractApplicationContext.refresh(AbstractApplicationContext.java:583)
	at org.springframework.boot.SpringApplication.refresh(SpringApplication.java:731)
	at org.springframework.boot.SpringApplication.refreshContext(SpringApplication.java:408)
	at org.springframework.boot.SpringApplication.run(SpringApplication.java:307)
	at org.springframework.boot.test.context.SpringBootContextLoader.loadContext(SpringBootContextLoader.java:136)
	at org.springframework.test.context.cache.DefaultCacheAwareContextLoaderDelegate.loadContextInternal(DefaultCacheAwareContextLoaderDelegate.java:141)
	at org.springframework.test.context.cache.DefaultCacheAwareContextLoaderDelegate.loadContext(DefaultCacheAwareContextLoaderDelegate.java:90)
	at org.springframework.test.context.support.DefaultTestContext.getApplicationContext(DefaultTestContext.java:124)
	at org.springframework.test.context.web.ServletTestExecutionListener.setUpRequestContextIfNecessary(ServletTestExecutionListener.java:190)
	at org.springframework.test.context.web.ServletTestExecutionListener.prepareTestInstance(ServletTestExecutionListener.java:132)
	at org.springframework.test.context.TestContextManager.prepareTestInstance(TestContextManager.java:248)
	at org.springframework.test.context.junit4.SpringJUnit4ClassRunner.createTest(SpringJUnit4ClassRunner.java:227)
	at org.springframework.test.context.junit4.SpringJUnit4ClassRunner$1.runReflectiveCall(SpringJUnit4ClassRunner.java:289)
	at org.junit.internal.runners.model.ReflectiveCallable.run(ReflectiveCallable.java:12)
	at org.springframework.test.context.junit4.SpringJUnit4ClassRunner.methodBlock(SpringJUnit4ClassRunner.java:291)
	at org.springframework.test.context.junit4.SpringJUnit4ClassRunner.runChild(SpringJUnit4ClassRunner.java:246)
	at org.springframework.test.context.junit4.SpringJUnit4ClassRunner.runChild(SpringJUnit4ClassRunner.java:97)
	at org.junit.runners.ParentRunner$4.run(ParentRunner.java:331)
	at org.junit.runners.ParentRunner$1.schedule(ParentRunner.java:79)
	at org.junit.runners.ParentRunner.runChildren(ParentRunner.java:329)
	at org.junit.runners.ParentRunner.access$100(ParentRunner.java:66)
	at org.junit.runners.ParentRunner$2.evaluate(ParentRunner.java:293)
	at org.springframework.test.context.junit4.statements.RunBeforeTestClassCallbacks.evaluate(RunBeforeTestClassCallbacks.java:61)
	at org.springframework.test.context.junit4.statements.RunAfterTestClassCallbacks.evaluate(RunAfterTestClassCallbacks.java:70)
	at org.junit.runners.ParentRunner$3.evaluate(ParentRunner.java:306)
	at org.junit.runners.ParentRunner.run(ParentRunner.java:413)
	at org.springframework.test.context.junit4.SpringJUnit4ClassRunner.run(SpringJUnit4ClassRunner.java:190)
	at org.junit.runner.JUnitCore.run(JUnitCore.java:137)
	at com.intellij.junit4.JUnit4IdeaTestRunner.startRunnerWithArgs(JUnit4IdeaTestRunner.java:69)
	at com.intellij.rt.junit.IdeaTestRunner$Repeater$1.execute(IdeaTestRunner.java:38)
	at com.intellij.rt.execution.junit.TestsRepeater.repeat(TestsRepeater.java:11)
	at com.intellij.rt.junit.IdeaTestRunner$Repeater.startRunnerWithArgs(IdeaTestRunner.java:35)
	at com.intellij.rt.junit.JUnitStarter.prepareStreamsAndStart(JUnitStarter.java:235)
	at com.intellij.rt.junit.JUnitStarter.main(JUnitStarter.java:54)
Caused by: java.lang.IllegalStateException: org.apache.rocketmq.remoting.exception.RemotingConnectException: connect to [127.0.0.1:9876] failed
	at org.apache.rocketmq.client.impl.factory.MQClientInstance.updateTopicRouteInfoFromNameServer(MQClientInstance.java:679)
	at org.apache.rocketmq.client.impl.factory.MQClientInstance.updateTopicRouteInfoFromNameServer(MQClientInstance.java:509)
	at org.apache.rocketmq.client.impl.consumer.DefaultMQPushConsumerImpl.updateTopicSubscribeInfoWhenSubscriptionChanged(DefaultMQPushConsumerImpl.java:866)
	at org.apache.rocketmq.client.impl.consumer.DefaultMQPushConsumerImpl.start(DefaultMQPushConsumerImpl.java:647)
	at org.apache.rocketmq.client.consumer.DefaultMQPushConsumer.start(DefaultMQPushConsumer.java:698)
	at org.apache.rocketmq.spring.support.DefaultRocketMQListenerContainer.start(DefaultRocketMQListenerContainer.java:279)
	at org.apache.rocketmq.spring.autoconfigure.ListenerContainerConfiguration.registerContainer(ListenerContainerConfiguration.java:120)
	... 38 common frames omitted
Caused by: org.apache.rocketmq.remoting.exception.RemotingConnectException: connect to [127.0.0.1:9876] failed
	at org.apache.rocketmq.remoting.netty.NettyRemotingClient.getAndCreateNameserverChannel(NettyRemotingClient.java:445)
	at org.apache.rocketmq.remoting.netty.NettyRemotingClient.getAndCreateChannel(NettyRemotingClient.java:400)
	at org.apache.rocketmq.remoting.netty.NettyRemotingClient.invokeSync(NettyRemotingClient.java:369)
	at org.apache.rocketmq.client.impl.MQClientAPIImpl.getTopicRouteInfoFromNameServer(MQClientAPIImpl.java:1365)
	at org.apache.rocketmq.client.impl.MQClientAPIImpl.getTopicRouteInfoFromNameServer(MQClientAPIImpl.java:1355)
	at org.apache.rocketmq.client.impl.factory.MQClientInstance.updateTopicRouteInfoFromNameServer(MQClientInstance.java:622)
	... 44 common frames omitted
25-02-28.09:32:34.282 [main            ] ERROR TestContextManager     - Caught exception while allowing TestExecutionListener [org.springframework.test.context.web.ServletTestExecutionListener@e872f734] to prepare test instance [cn.godrel.test.domain.StrategyArmoryTest@7e190e0]
java.lang.IllegalStateException: Failed to load ApplicationContext
	at org.springframework.test.context.cache.DefaultCacheAwareContextLoaderDelegate.loadContext(DefaultCacheAwareContextLoaderDelegate.java:98)
	at org.springframework.test.context.support.DefaultTestContext.getApplicationContext(DefaultTestContext.java:124)
	at org.springframework.test.context.web.ServletTestExecutionListener.setUpRequestContextIfNecessary(ServletTestExecutionListener.java:190)
	at org.springframework.test.context.web.ServletTestExecutionListener.prepareTestInstance(ServletTestExecutionListener.java:132)
	at org.springframework.test.context.TestContextManager.prepareTestInstance(TestContextManager.java:248)
	at org.springframework.test.context.junit4.SpringJUnit4ClassRunner.createTest(SpringJUnit4ClassRunner.java:227)
	at org.springframework.test.context.junit4.SpringJUnit4ClassRunner$1.runReflectiveCall(SpringJUnit4ClassRunner.java:289)
	at org.junit.internal.runners.model.ReflectiveCallable.run(ReflectiveCallable.java:12)
	at org.springframework.test.context.junit4.SpringJUnit4ClassRunner.methodBlock(SpringJUnit4ClassRunner.java:291)
	at org.springframework.test.context.junit4.SpringJUnit4ClassRunner.runChild(SpringJUnit4ClassRunner.java:246)
	at org.springframework.test.context.junit4.SpringJUnit4ClassRunner.runChild(SpringJUnit4ClassRunner.java:97)
	at org.junit.runners.ParentRunner$4.run(ParentRunner.java:331)
	at org.junit.runners.ParentRunner$1.schedule(ParentRunner.java:79)
	at org.junit.runners.ParentRunner.runChildren(ParentRunner.java:329)
	at org.junit.runners.ParentRunner.access$100(ParentRunner.java:66)
	at org.junit.runners.ParentRunner$2.evaluate(ParentRunner.java:293)
	at org.springframework.test.context.junit4.statements.RunBeforeTestClassCallbacks.evaluate(RunBeforeTestClassCallbacks.java:61)
	at org.springframework.test.context.junit4.statements.RunAfterTestClassCallbacks.evaluate(RunAfterTestClassCallbacks.java:70)
	at org.junit.runners.ParentRunner$3.evaluate(ParentRunner.java:306)
	at org.junit.runners.ParentRunner.run(ParentRunner.java:413)
	at org.springframework.test.context.junit4.SpringJUnit4ClassRunner.run(SpringJUnit4ClassRunner.java:190)
	at org.junit.runner.JUnitCore.run(JUnitCore.java:137)
	at com.intellij.junit4.JUnit4IdeaTestRunner.startRunnerWithArgs(JUnit4IdeaTestRunner.java:69)
	at com.intellij.rt.junit.IdeaTestRunner$Repeater$1.execute(IdeaTestRunner.java:38)
	at com.intellij.rt.execution.junit.TestsRepeater.repeat(TestsRepeater.java:11)
	at com.intellij.rt.junit.IdeaTestRunner$Repeater.startRunnerWithArgs(IdeaTestRunner.java:35)
	at com.intellij.rt.junit.JUnitStarter.prepareStreamsAndStart(JUnitStarter.java:235)
	at com.intellij.rt.junit.JUnitStarter.main(JUnitStarter.java:54)
Caused by: java.lang.RuntimeException: java.lang.IllegalStateException: org.apache.rocketmq.remoting.exception.RemotingConnectException: connect to [127.0.0.1:9876] failed
	at org.apache.rocketmq.spring.autoconfigure.ListenerContainerConfiguration.registerContainer(ListenerContainerConfiguration.java:123)
	at java.util.HashMap.forEach(HashMap.java:1290)
	at org.apache.rocketmq.spring.autoconfigure.ListenerContainerConfiguration.afterSingletonsInstantiated(ListenerContainerConfiguration.java:79)
	at org.springframework.beans.factory.support.DefaultListableBeanFactory.preInstantiateSingletons(DefaultListableBeanFactory.java:974)
	at org.springframework.context.support.AbstractApplicationContext.finishBeanFactoryInitialization(AbstractApplicationContext.java:920)
	at org.springframework.context.support.AbstractApplicationContext.refresh(AbstractApplicationContext.java:583)
	at org.springframework.boot.SpringApplication.refresh(SpringApplication.java:731)
	at org.springframework.boot.SpringApplication.refreshContext(SpringApplication.java:408)
	at org.springframework.boot.SpringApplication.run(SpringApplication.java:307)
	at org.springframework.boot.test.context.SpringBootContextLoader.loadContext(SpringBootContextLoader.java:136)
	at org.springframework.test.context.cache.DefaultCacheAwareContextLoaderDelegate.loadContextInternal(DefaultCacheAwareContextLoaderDelegate.java:141)
	at org.springframework.test.context.cache.DefaultCacheAwareContextLoaderDelegate.loadContext(DefaultCacheAwareContextLoaderDelegate.java:90)
	... 27 common frames omitted
Caused by: java.lang.IllegalStateException: org.apache.rocketmq.remoting.exception.RemotingConnectException: connect to [127.0.0.1:9876] failed
	at org.apache.rocketmq.client.impl.factory.MQClientInstance.updateTopicRouteInfoFromNameServer(MQClientInstance.java:679)
	at org.apache.rocketmq.client.impl.factory.MQClientInstance.updateTopicRouteInfoFromNameServer(MQClientInstance.java:509)
	at org.apache.rocketmq.client.impl.consumer.DefaultMQPushConsumerImpl.updateTopicSubscribeInfoWhenSubscriptionChanged(DefaultMQPushConsumerImpl.java:866)
	at org.apache.rocketmq.client.impl.consumer.DefaultMQPushConsumerImpl.start(DefaultMQPushConsumerImpl.java:647)
	at org.apache.rocketmq.client.consumer.DefaultMQPushConsumer.start(DefaultMQPushConsumer.java:698)
	at org.apache.rocketmq.spring.support.DefaultRocketMQListenerContainer.start(DefaultRocketMQListenerContainer.java:279)
	at org.apache.rocketmq.spring.autoconfigure.ListenerContainerConfiguration.registerContainer(ListenerContainerConfiguration.java:120)
	... 38 common frames omitted
Caused by: org.apache.rocketmq.remoting.exception.RemotingConnectException: connect to [127.0.0.1:9876] failed
	at org.apache.rocketmq.remoting.netty.NettyRemotingClient.getAndCreateNameserverChannel(NettyRemotingClient.java:445)
	at org.apache.rocketmq.remoting.netty.NettyRemotingClient.getAndCreateChannel(NettyRemotingClient.java:400)
	at org.apache.rocketmq.remoting.netty.NettyRemotingClient.invokeSync(NettyRemotingClient.java:369)
	at org.apache.rocketmq.client.impl.MQClientAPIImpl.getTopicRouteInfoFromNameServer(MQClientAPIImpl.java:1365)
	at org.apache.rocketmq.client.impl.MQClientAPIImpl.getTopicRouteInfoFromNameServer(MQClientAPIImpl.java:1355)
	at org.apache.rocketmq.client.impl.factory.MQClientInstance.updateTopicRouteInfoFromNameServer(MQClientInstance.java:622)
	... 44 common frames omitted
25-02-28.09:32:34.289 [Thread-4        ] WARN  HttpClientBeanHolder   - [HttpClientBeanHolder] Start destroying common HttpClient
25-02-28.09:32:34.289 [Thread-9        ] WARN  NotifyCenter           - [NotifyCenter] Start destroying Publisher
25-02-28.09:32:34.289 [Thread-9        ] WARN  NotifyCenter           - [NotifyCenter] Destruction of the end
25-02-28.09:32:34.290 [Thread-4        ] WARN  HttpClientBeanHolder   - [HttpClientBeanHolder] Destruction of the end
25-02-28.09:33:48.769 [main            ] WARN  ServiceAnnotationPostProcessor -  [DUBBO] No class annotated by Dubbo @Service was found under package [cn.bugstack.api], ignore re-scanned classes: 0, dubbo version: 3.0.9, current host: 192.168.40.1
25-02-28.09:33:51.900 [main            ] WARN  ConfigurationUtils     -  [DUBBO] Config center was specified, but no config item found., dubbo version: 3.0.9, current host: 192.168.40.1
25-02-28.09:33:51.900 [main            ] WARN  ConfigurationUtils     -  [DUBBO] Config center was specified, but no config item found., dubbo version: 3.0.9, current host: 192.168.40.1
25-02-28.09:33:58.228 [main            ] WARN  ServiceConfig          -  [DUBBO] Use random available port(20880) for protocol dubbo, dubbo version: 3.0.9, current host: 192.168.40.1
25-02-28.09:33:58.961 [main            ] WARN  NacosRegistry          -  [DUBBO] Ignore empty notify urls for subscribe url provider://192.168.40.1:20880/cn.godrel.api.IUserService?anyhost=true&application=xfg-frame-archetype-std&application.version=1.0.0&background=false&bind.ip=192.168.40.1&bind.port=20880&category=configurators&check=false&deprecated=false&dubbo=2.0.2&dynamic=true&generic=false&interface=cn.godrel.api.IUserService&methods=queryUserInfo&pid=22192&qos.enable=false&release=3.0.9&revision=1.0.0&service-name-mapping=true&side=provider&timeout=450&timestamp=1740706438221&version=1.0.0, dubbo version: 3.0.9, current host: 192.168.40.1
25-02-28.09:33:59.407 [main            ] WARN  NacosRegistry          -  [DUBBO] Ignore empty notify urls for subscribe url provider://192.168.40.1:20880/org.apache.dubbo.metadata.MetadataService?anyhost=true&application=xfg-frame-archetype-std&application.version=1.0.0&background=false&bind.ip=192.168.40.1&bind.port=20880&category=configurators&check=false&connections=1&corethreads=2&delay=0&deprecated=false&dubbo=2.0.2&dynamic=true&executes=100&generic=false&getAndListenInstanceMetadata.1.callback=true&getAndListenInstanceMetadata.return=true&getAndListenInstanceMetadata.sent=true&group=xfg-frame-archetype-std&interface=org.apache.dubbo.metadata.MetadataService&methods=getMetadataURL,isMetadataService,getExportedURLs,getAndListenInstanceMetadata,serviceName,version,getSubscribedURLs,getExportedServiceURLs,exportInstanceMetadata,getMetadataInfo,toSortedStrings,getMetadataInfos,getServiceDefinition,getInstanceMetadataChangedListenerMap&pid=22192&qos.enable=false&register=false&release=3.0.9&revision=3.0.9&service-name-mapping=true&side=provider&threadpool=cached&threads=100&timestamp=1740706439137&version=1.0.0, dubbo version: 3.0.9, current host: 192.168.40.1
25-02-28.09:34:01.497 [Thread-4        ] WARN  HttpClientBeanHolder   - [HttpClientBeanHolder] Start destroying common HttpClient
25-02-28.09:34:01.497 [Thread-9        ] WARN  NotifyCenter           - [NotifyCenter] Start destroying Publisher
25-02-28.09:34:01.497 [Thread-9        ] WARN  NotifyCenter           - [NotifyCenter] Destruction of the end
25-02-28.09:34:01.498 [Thread-4        ] WARN  HttpClientBeanHolder   - [HttpClientBeanHolder] Destruction of the end
25-02-28.09:34:01.498 [SpringApplicationShutdownHook] WARN  RegistryManager        -  [DUBBO] All registry instances have been destroyed, failed to fetch any instance. Usually, this means no need to try to do unnecessary redundant resource clearance, all registries has been taken care of., dubbo version: 3.0.9, current host: 192.168.40.1
25-02-28.09:34:01.499 [SpringApplicationShutdownHook] WARN  RegistryManager        -  [DUBBO] All registry instances have been destroyed, failed to fetch any instance. Usually, this means no need to try to do unnecessary redundant resource clearance, all registries has been taken care of., dubbo version: 3.0.9, current host: 192.168.40.1
25-02-28.09:34:16.661 [main            ] WARN  ServiceAnnotationPostProcessor -  [DUBBO] No class annotated by Dubbo @Service was found under package [cn.bugstack.api], ignore re-scanned classes: 0, dubbo version: 3.0.9, current host: 192.168.40.1
25-02-28.09:34:19.759 [main            ] WARN  ConfigurationUtils     -  [DUBBO] Config center was specified, but no config item found., dubbo version: 3.0.9, current host: 192.168.40.1
25-02-28.09:34:19.761 [main            ] WARN  ConfigurationUtils     -  [DUBBO] Config center was specified, but no config item found., dubbo version: 3.0.9, current host: 192.168.40.1
25-02-28.09:34:26.585 [main            ] WARN  ServiceConfig          -  [DUBBO] Use random available port(20880) for protocol dubbo, dubbo version: 3.0.9, current host: 192.168.40.1
25-02-28.09:34:27.231 [main            ] WARN  NacosRegistry          -  [DUBBO] Ignore empty notify urls for subscribe url provider://192.168.40.1:20880/cn.godrel.api.IUserService?anyhost=true&application=xfg-frame-archetype-std&application.version=1.0.0&background=false&bind.ip=192.168.40.1&bind.port=20880&category=configurators&check=false&deprecated=false&dubbo=2.0.2&dynamic=true&generic=false&interface=cn.godrel.api.IUserService&methods=queryUserInfo&pid=30432&qos.enable=false&release=3.0.9&revision=1.0.0&service-name-mapping=true&side=provider&timeout=450&timestamp=1740706466577&version=1.0.0, dubbo version: 3.0.9, current host: 192.168.40.1
25-02-28.09:34:27.657 [main            ] WARN  NacosRegistry          -  [DUBBO] Ignore empty notify urls for subscribe url provider://192.168.40.1:20880/org.apache.dubbo.metadata.MetadataService?anyhost=true&application=xfg-frame-archetype-std&application.version=1.0.0&background=false&bind.ip=192.168.40.1&bind.port=20880&category=configurators&check=false&connections=1&corethreads=2&delay=0&deprecated=false&dubbo=2.0.2&dynamic=true&executes=100&generic=false&getAndListenInstanceMetadata.1.callback=true&getAndListenInstanceMetadata.return=true&getAndListenInstanceMetadata.sent=true&group=xfg-frame-archetype-std&interface=org.apache.dubbo.metadata.MetadataService&methods=getMetadataURL,isMetadataService,getExportedURLs,getAndListenInstanceMetadata,serviceName,version,getSubscribedURLs,getExportedServiceURLs,exportInstanceMetadata,getMetadataInfo,toSortedStrings,getMetadataInfos,getServiceDefinition,getInstanceMetadataChangedListenerMap&pid=30432&qos.enable=false&register=false&release=3.0.9&revision=3.0.9&service-name-mapping=true&side=provider&threadpool=cached&threads=100&timestamp=1740706467398&version=1.0.0, dubbo version: 3.0.9, current host: 192.168.40.1
25-02-28.09:34:27.739 [Dubbo-framework-registry-notification-0-thread-1] WARN  NacosRegistry          -  [DUBBO] Ignore empty notify urls for subscribe url provider://192.168.40.1:20880/cn.godrel.api.IUserService?anyhost=true&application=xfg-frame-archetype-std&application.version=1.0.0&background=false&bind.ip=192.168.40.1&bind.port=20880&category=configurators&check=false&deprecated=false&dubbo=2.0.2&dynamic=true&generic=false&interface=cn.godrel.api.IUserService&methods=queryUserInfo&pid=30432&qos.enable=false&release=3.0.9&revision=1.0.0&service-name-mapping=true&side=provider&timeout=450&timestamp=1740706466577&version=1.0.0, dubbo version: 3.0.9, current host: 192.168.40.1
25-02-28.09:34:28.488 [Thread-9        ] WARN  NotifyCenter           - [NotifyCenter] Start destroying Publisher
25-02-28.09:34:28.488 [Thread-4        ] WARN  HttpClientBeanHolder   - [HttpClientBeanHolder] Start destroying common HttpClient
25-02-28.09:34:28.488 [Thread-9        ] WARN  NotifyCenter           - [NotifyCenter] Destruction of the end
25-02-28.09:34:28.488 [Thread-4        ] WARN  HttpClientBeanHolder   - [HttpClientBeanHolder] Destruction of the end
25-02-28.09:34:28.490 [SpringApplicationShutdownHook] WARN  RegistryManager        -  [DUBBO] All registry instances have been destroyed, failed to fetch any instance. Usually, this means no need to try to do unnecessary redundant resource clearance, all registries has been taken care of., dubbo version: 3.0.9, current host: 192.168.40.1
25-02-28.09:34:28.490 [SpringApplicationShutdownHook] WARN  RegistryManager        -  [DUBBO] All registry instances have been destroyed, failed to fetch any instance. Usually, this means no need to try to do unnecessary redundant resource clearance, all registries has been taken care of., dubbo version: 3.0.9, current host: 192.168.40.1
25-02-28.10:22:00.319 [main            ] WARN  ServiceAnnotationPostProcessor -  [DUBBO] No class annotated by Dubbo @Service was found under package [cn.bugstack.api], ignore re-scanned classes: 0, dubbo version: 3.0.9, current host: 192.168.40.1
25-02-28.10:22:03.374 [main            ] WARN  ConfigurationUtils     -  [DUBBO] Config center was specified, but no config item found., dubbo version: 3.0.9, current host: 192.168.40.1
25-02-28.10:22:03.374 [main            ] WARN  ConfigurationUtils     -  [DUBBO] Config center was specified, but no config item found., dubbo version: 3.0.9, current host: 192.168.40.1
25-02-28.10:22:10.056 [main            ] WARN  ServiceConfig          -  [DUBBO] Use random available port(20880) for protocol dubbo, dubbo version: 3.0.9, current host: 192.168.40.1
25-02-28.10:22:10.725 [main            ] WARN  NacosRegistry          -  [DUBBO] Ignore empty notify urls for subscribe url provider://192.168.40.1:20880/cn.godrel.api.IUserService?anyhost=true&application=xfg-frame-archetype-std&application.version=1.0.0&background=false&bind.ip=192.168.40.1&bind.port=20880&category=configurators&check=false&deprecated=false&dubbo=2.0.2&dynamic=true&generic=false&interface=cn.godrel.api.IUserService&methods=queryUserInfo&pid=10096&qos.enable=false&release=3.0.9&revision=1.0.0&service-name-mapping=true&side=provider&timeout=450&timestamp=1740709330049&version=1.0.0, dubbo version: 3.0.9, current host: 192.168.40.1
25-02-28.10:22:11.141 [main            ] WARN  NacosRegistry          -  [DUBBO] Ignore empty notify urls for subscribe url provider://192.168.40.1:20880/org.apache.dubbo.metadata.MetadataService?anyhost=true&application=xfg-frame-archetype-std&application.version=1.0.0&background=false&bind.ip=192.168.40.1&bind.port=20880&category=configurators&check=false&connections=1&corethreads=2&delay=0&deprecated=false&dubbo=2.0.2&dynamic=true&executes=100&generic=false&getAndListenInstanceMetadata.1.callback=true&getAndListenInstanceMetadata.return=true&getAndListenInstanceMetadata.sent=true&group=xfg-frame-archetype-std&interface=org.apache.dubbo.metadata.MetadataService&methods=getMetadataURL,isMetadataService,getExportedURLs,getAndListenInstanceMetadata,serviceName,version,getSubscribedURLs,getExportedServiceURLs,exportInstanceMetadata,getMetadataInfo,toSortedStrings,getMetadataInfos,getServiceDefinition,getInstanceMetadataChangedListenerMap&pid=10096&qos.enable=false&register=false&release=3.0.9&revision=3.0.9&service-name-mapping=true&side=provider&threadpool=cached&threads=100&timestamp=1740709330883&version=1.0.0, dubbo version: 3.0.9, current host: 192.168.40.1
25-02-28.10:22:12.041 [Thread-4        ] WARN  HttpClientBeanHolder   - [HttpClientBeanHolder] Start destroying common HttpClient
25-02-28.10:22:12.042 [Thread-9        ] WARN  NotifyCenter           - [NotifyCenter] Start destroying Publisher
25-02-28.10:22:12.042 [Thread-9        ] WARN  NotifyCenter           - [NotifyCenter] Destruction of the end
25-02-28.10:22:12.042 [Thread-4        ] WARN  HttpClientBeanHolder   - [HttpClientBeanHolder] Destruction of the end
25-02-28.10:22:12.044 [SpringApplicationShutdownHook] WARN  RegistryManager        -  [DUBBO] All registry instances have been destroyed, failed to fetch any instance. Usually, this means no need to try to do unnecessary redundant resource clearance, all registries has been taken care of., dubbo version: 3.0.9, current host: 192.168.40.1
25-02-28.10:22:12.045 [SpringApplicationShutdownHook] WARN  RegistryManager        -  [DUBBO] All registry instances have been destroyed, failed to fetch any instance. Usually, this means no need to try to do unnecessary redundant resource clearance, all registries has been taken care of., dubbo version: 3.0.9, current host: 192.168.40.1
25-02-28.10:22:43.548 [main            ] WARN  ServiceAnnotationPostProcessor -  [DUBBO] No class annotated by Dubbo @Service was found under package [cn.bugstack.api], ignore re-scanned classes: 0, dubbo version: 3.0.9, current host: 192.168.40.1
25-02-28.10:22:46.492 [main            ] WARN  ConfigurationUtils     -  [DUBBO] Config center was specified, but no config item found., dubbo version: 3.0.9, current host: 192.168.40.1
25-02-28.10:22:46.492 [main            ] WARN  ConfigurationUtils     -  [DUBBO] Config center was specified, but no config item found., dubbo version: 3.0.9, current host: 192.168.40.1
25-02-28.10:22:51.640 [main            ] WARN  ServiceConfig          -  [DUBBO] Use random available port(20880) for protocol dubbo, dubbo version: 3.0.9, current host: 192.168.40.1
25-02-28.10:22:52.178 [main            ] WARN  NacosRegistry          -  [DUBBO] Ignore empty notify urls for subscribe url provider://192.168.40.1:20880/cn.godrel.api.IUserService?anyhost=true&application=xfg-frame-archetype-std&application.version=1.0.0&background=false&bind.ip=192.168.40.1&bind.port=20880&category=configurators&check=false&deprecated=false&dubbo=2.0.2&dynamic=true&generic=false&interface=cn.godrel.api.IUserService&methods=queryUserInfo&pid=31168&qos.enable=false&release=3.0.9&revision=1.0.0&service-name-mapping=true&side=provider&timeout=450&timestamp=1740709371633&version=1.0.0, dubbo version: 3.0.9, current host: 192.168.40.1
25-02-28.10:22:52.574 [main            ] WARN  NacosRegistry          -  [DUBBO] Ignore empty notify urls for subscribe url provider://192.168.40.1:20880/org.apache.dubbo.metadata.MetadataService?anyhost=true&application=xfg-frame-archetype-std&application.version=1.0.0&background=false&bind.ip=192.168.40.1&bind.port=20880&category=configurators&check=false&connections=1&corethreads=2&delay=0&deprecated=false&dubbo=2.0.2&dynamic=true&executes=100&generic=false&getAndListenInstanceMetadata.1.callback=true&getAndListenInstanceMetadata.return=true&getAndListenInstanceMetadata.sent=true&group=xfg-frame-archetype-std&interface=org.apache.dubbo.metadata.MetadataService&methods=getMetadataURL,isMetadataService,getExportedURLs,getAndListenInstanceMetadata,serviceName,version,getSubscribedURLs,getExportedServiceURLs,exportInstanceMetadata,getMetadataInfo,toSortedStrings,getMetadataInfos,getServiceDefinition,getInstanceMetadataChangedListenerMap&pid=31168&qos.enable=false&register=false&release=3.0.9&revision=3.0.9&service-name-mapping=true&side=provider&threadpool=cached&threads=100&timestamp=1740709372323&version=1.0.0, dubbo version: 3.0.9, current host: 192.168.40.1
25-02-28.10:22:52.712 [Dubbo-framework-registry-notification-0-thread-1] WARN  NacosRegistry          -  [DUBBO] Ignore empty notify urls for subscribe url provider://192.168.40.1:20880/cn.godrel.api.IUserService?anyhost=true&application=xfg-frame-archetype-std&application.version=1.0.0&background=false&bind.ip=192.168.40.1&bind.port=20880&category=configurators&check=false&deprecated=false&dubbo=2.0.2&dynamic=true&generic=false&interface=cn.godrel.api.IUserService&methods=queryUserInfo&pid=31168&qos.enable=false&release=3.0.9&revision=1.0.0&service-name-mapping=true&side=provider&timeout=450&timestamp=1740709371633&version=1.0.0, dubbo version: 3.0.9, current host: 192.168.40.1
25-02-28.10:22:53.248 [Thread-9        ] WARN  NotifyCenter           - [NotifyCenter] Start destroying Publisher
25-02-28.10:22:53.248 [Thread-4        ] WARN  HttpClientBeanHolder   - [HttpClientBeanHolder] Start destroying common HttpClient
25-02-28.10:22:53.248 [Thread-9        ] WARN  NotifyCenter           - [NotifyCenter] Destruction of the end
25-02-28.10:22:53.248 [Thread-4        ] WARN  HttpClientBeanHolder   - [HttpClientBeanHolder] Destruction of the end
25-02-28.10:22:53.249 [SpringApplicationShutdownHook] WARN  RegistryManager        -  [DUBBO] All registry instances have been destroyed, failed to fetch any instance. Usually, this means no need to try to do unnecessary redundant resource clearance, all registries has been taken care of., dubbo version: 3.0.9, current host: 192.168.40.1
25-02-28.10:22:53.250 [SpringApplicationShutdownHook] WARN  RegistryManager        -  [DUBBO] All registry instances have been destroyed, failed to fetch any instance. Usually, this means no need to try to do unnecessary redundant resource clearance, all registries has been taken care of., dubbo version: 3.0.9, current host: 192.168.40.1
25-02-28.10:34:30.936 [main            ] WARN  ServiceAnnotationPostProcessor -  [DUBBO] No class annotated by Dubbo @Service was found under package [cn.bugstack.api], ignore re-scanned classes: 0, dubbo version: 3.0.9, current host: 192.168.40.1
25-02-28.10:34:34.030 [main            ] WARN  ConfigurationUtils     -  [DUBBO] Config center was specified, but no config item found., dubbo version: 3.0.9, current host: 192.168.40.1
25-02-28.10:34:34.030 [main            ] WARN  ConfigurationUtils     -  [DUBBO] Config center was specified, but no config item found., dubbo version: 3.0.9, current host: 192.168.40.1
25-02-28.10:34:39.432 [main            ] WARN  ServiceConfig          -  [DUBBO] Use random available port(20880) for protocol dubbo, dubbo version: 3.0.9, current host: 192.168.40.1
25-02-28.10:34:40.032 [main            ] WARN  NacosRegistry          -  [DUBBO] Ignore empty notify urls for subscribe url provider://192.168.40.1:20880/cn.godrel.api.IUserService?anyhost=true&application=xfg-frame-archetype-std&application.version=1.0.0&background=false&bind.ip=192.168.40.1&bind.port=20880&category=configurators&check=false&deprecated=false&dubbo=2.0.2&dynamic=true&generic=false&interface=cn.godrel.api.IUserService&methods=queryUserInfo&pid=5172&qos.enable=false&release=3.0.9&revision=1.0.0&service-name-mapping=true&side=provider&timeout=450&timestamp=1740710079427&version=1.0.0, dubbo version: 3.0.9, current host: 192.168.40.1
25-02-28.10:34:40.420 [main            ] WARN  NacosRegistry          -  [DUBBO] Ignore empty notify urls for subscribe url provider://192.168.40.1:20880/org.apache.dubbo.metadata.MetadataService?anyhost=true&application=xfg-frame-archetype-std&application.version=1.0.0&background=false&bind.ip=192.168.40.1&bind.port=20880&category=configurators&check=false&connections=1&corethreads=2&delay=0&deprecated=false&dubbo=2.0.2&dynamic=true&executes=100&generic=false&getAndListenInstanceMetadata.1.callback=true&getAndListenInstanceMetadata.return=true&getAndListenInstanceMetadata.sent=true&group=xfg-frame-archetype-std&interface=org.apache.dubbo.metadata.MetadataService&methods=getMetadataURL,isMetadataService,getExportedURLs,getAndListenInstanceMetadata,serviceName,version,getSubscribedURLs,getExportedServiceURLs,exportInstanceMetadata,getMetadataInfo,toSortedStrings,getMetadataInfos,getServiceDefinition,getInstanceMetadataChangedListenerMap&pid=5172&qos.enable=false&register=false&release=3.0.9&revision=3.0.9&service-name-mapping=true&side=provider&threadpool=cached&threads=100&timestamp=1740710080177&version=1.0.0, dubbo version: 3.0.9, current host: 192.168.40.1
25-02-28.10:34:41.728 [Thread-4        ] WARN  HttpClientBeanHolder   - [HttpClientBeanHolder] Start destroying common HttpClient
25-02-28.10:34:41.728 [Thread-9        ] WARN  NotifyCenter           - [NotifyCenter] Start destroying Publisher
25-02-28.10:34:41.728 [Thread-9        ] WARN  NotifyCenter           - [NotifyCenter] Destruction of the end
25-02-28.10:34:41.728 [Thread-4        ] WARN  HttpClientBeanHolder   - [HttpClientBeanHolder] Destruction of the end
25-02-28.10:34:41.729 [SpringApplicationShutdownHook] WARN  RegistryManager        -  [DUBBO] All registry instances have been destroyed, failed to fetch any instance. Usually, this means no need to try to do unnecessary redundant resource clearance, all registries has been taken care of., dubbo version: 3.0.9, current host: 192.168.40.1
25-02-28.10:34:41.730 [SpringApplicationShutdownHook] WARN  RegistryManager        -  [DUBBO] All registry instances have been destroyed, failed to fetch any instance. Usually, this means no need to try to do unnecessary redundant resource clearance, all registries has been taken care of., dubbo version: 3.0.9, current host: 192.168.40.1
25-02-28.10:35:06.679 [main            ] WARN  ServiceAnnotationPostProcessor -  [DUBBO] No class annotated by Dubbo @Service was found under package [cn.bugstack.api], ignore re-scanned classes: 0, dubbo version: 3.0.9, current host: 192.168.40.1
25-02-28.10:35:09.621 [main            ] WARN  ConfigurationUtils     -  [DUBBO] Config center was specified, but no config item found., dubbo version: 3.0.9, current host: 192.168.40.1
25-02-28.10:35:09.621 [main            ] WARN  ConfigurationUtils     -  [DUBBO] Config center was specified, but no config item found., dubbo version: 3.0.9, current host: 192.168.40.1
25-02-28.10:35:14.901 [main            ] WARN  ServiceConfig          -  [DUBBO] Use random available port(20880) for protocol dubbo, dubbo version: 3.0.9, current host: 192.168.40.1
25-02-28.10:35:15.470 [main            ] WARN  NacosRegistry          -  [DUBBO] Ignore empty notify urls for subscribe url provider://192.168.40.1:20880/cn.godrel.api.IUserService?anyhost=true&application=xfg-frame-archetype-std&application.version=1.0.0&background=false&bind.ip=192.168.40.1&bind.port=20880&category=configurators&check=false&deprecated=false&dubbo=2.0.2&dynamic=true&generic=false&interface=cn.godrel.api.IUserService&methods=queryUserInfo&pid=25580&qos.enable=false&release=3.0.9&revision=1.0.0&service-name-mapping=true&side=provider&timeout=450&timestamp=1740710114895&version=1.0.0, dubbo version: 3.0.9, current host: 192.168.40.1
25-02-28.10:35:15.876 [main            ] WARN  NacosRegistry          -  [DUBBO] Ignore empty notify urls for subscribe url provider://192.168.40.1:20880/org.apache.dubbo.metadata.MetadataService?anyhost=true&application=xfg-frame-archetype-std&application.version=1.0.0&background=false&bind.ip=192.168.40.1&bind.port=20880&category=configurators&check=false&connections=1&corethreads=2&delay=0&deprecated=false&dubbo=2.0.2&dynamic=true&executes=100&generic=false&getAndListenInstanceMetadata.1.callback=true&getAndListenInstanceMetadata.return=true&getAndListenInstanceMetadata.sent=true&group=xfg-frame-archetype-std&interface=org.apache.dubbo.metadata.MetadataService&methods=getMetadataURL,isMetadataService,getExportedURLs,getAndListenInstanceMetadata,serviceName,version,getSubscribedURLs,getExportedServiceURLs,exportInstanceMetadata,getMetadataInfo,toSortedStrings,getMetadataInfos,getServiceDefinition,getInstanceMetadataChangedListenerMap&pid=25580&qos.enable=false&register=false&release=3.0.9&revision=3.0.9&service-name-mapping=true&side=provider&threadpool=cached&threads=100&timestamp=1740710115629&version=1.0.0, dubbo version: 3.0.9, current host: 192.168.40.1
25-02-28.10:35:15.970 [Dubbo-framework-registry-notification-0-thread-1] WARN  NacosRegistry          -  [DUBBO] Ignore empty notify urls for subscribe url provider://192.168.40.1:20880/cn.godrel.api.IUserService?anyhost=true&application=xfg-frame-archetype-std&application.version=1.0.0&background=false&bind.ip=192.168.40.1&bind.port=20880&category=configurators&check=false&deprecated=false&dubbo=2.0.2&dynamic=true&generic=false&interface=cn.godrel.api.IUserService&methods=queryUserInfo&pid=25580&qos.enable=false&release=3.0.9&revision=1.0.0&service-name-mapping=true&side=provider&timeout=450&timestamp=1740710114895&version=1.0.0, dubbo version: 3.0.9, current host: 192.168.40.1
25-02-28.10:35:16.539 [Thread-9        ] WARN  NotifyCenter           - [NotifyCenter] Start destroying Publisher
25-02-28.10:35:16.539 [Thread-4        ] WARN  HttpClientBeanHolder   - [HttpClientBeanHolder] Start destroying common HttpClient
25-02-28.10:35:16.539 [Thread-9        ] WARN  NotifyCenter           - [NotifyCenter] Destruction of the end
25-02-28.10:35:16.539 [Thread-4        ] WARN  HttpClientBeanHolder   - [HttpClientBeanHolder] Destruction of the end
25-02-28.10:35:16.540 [SpringApplicationShutdownHook] WARN  RegistryManager        -  [DUBBO] All registry instances have been destroyed, failed to fetch any instance. Usually, this means no need to try to do unnecessary redundant resource clearance, all registries has been taken care of., dubbo version: 3.0.9, current host: 192.168.40.1
25-02-28.10:35:16.541 [SpringApplicationShutdownHook] WARN  RegistryManager        -  [DUBBO] All registry instances have been destroyed, failed to fetch any instance. Usually, this means no need to try to do unnecessary redundant resource clearance, all registries has been taken care of., dubbo version: 3.0.9, current host: 192.168.40.1
25-02-28.10:35:26.571 [main            ] WARN  ServiceAnnotationPostProcessor -  [DUBBO] No class annotated by Dubbo @Service was found under package [cn.bugstack.api], ignore re-scanned classes: 0, dubbo version: 3.0.9, current host: 192.168.40.1
25-02-28.10:35:29.973 [main            ] WARN  ConfigurationUtils     -  [DUBBO] Config center was specified, but no config item found., dubbo version: 3.0.9, current host: 192.168.40.1
25-02-28.10:35:29.973 [main            ] WARN  ConfigurationUtils     -  [DUBBO] Config center was specified, but no config item found., dubbo version: 3.0.9, current host: 192.168.40.1
25-02-28.10:35:35.945 [main            ] WARN  ServiceConfig          -  [DUBBO] Use random available port(20880) for protocol dubbo, dubbo version: 3.0.9, current host: 192.168.40.1
25-02-28.10:35:36.567 [main            ] WARN  NacosRegistry          -  [DUBBO] Ignore empty notify urls for subscribe url provider://192.168.40.1:20880/cn.godrel.api.IUserService?anyhost=true&application=xfg-frame-archetype-std&application.version=1.0.0&background=false&bind.ip=192.168.40.1&bind.port=20880&category=configurators&check=false&deprecated=false&dubbo=2.0.2&dynamic=true&generic=false&interface=cn.godrel.api.IUserService&methods=queryUserInfo&pid=10496&qos.enable=false&release=3.0.9&revision=1.0.0&service-name-mapping=true&side=provider&timeout=450&timestamp=1740710135939&version=1.0.0, dubbo version: 3.0.9, current host: 192.168.40.1
25-02-28.10:35:36.994 [main            ] WARN  NacosRegistry          -  [DUBBO] Ignore empty notify urls for subscribe url provider://192.168.40.1:20880/org.apache.dubbo.metadata.MetadataService?anyhost=true&application=xfg-frame-archetype-std&application.version=1.0.0&background=false&bind.ip=192.168.40.1&bind.port=20880&category=configurators&check=false&connections=1&corethreads=2&delay=0&deprecated=false&dubbo=2.0.2&dynamic=true&executes=100&generic=false&getAndListenInstanceMetadata.1.callback=true&getAndListenInstanceMetadata.return=true&getAndListenInstanceMetadata.sent=true&group=xfg-frame-archetype-std&interface=org.apache.dubbo.metadata.MetadataService&methods=getMetadataURL,isMetadataService,getExportedURLs,getAndListenInstanceMetadata,serviceName,version,getSubscribedURLs,getExportedServiceURLs,exportInstanceMetadata,getMetadataInfo,toSortedStrings,getMetadataInfos,getServiceDefinition,getInstanceMetadataChangedListenerMap&pid=10496&qos.enable=false&register=false&release=3.0.9&revision=3.0.9&service-name-mapping=true&side=provider&threadpool=cached&threads=100&timestamp=1740710136722&version=1.0.0, dubbo version: 3.0.9, current host: 192.168.40.1
25-02-28.10:35:37.096 [Dubbo-framework-registry-notification-0-thread-1] WARN  NacosRegistry          -  [DUBBO] Ignore empty notify urls for subscribe url provider://192.168.40.1:20880/cn.godrel.api.IUserService?anyhost=true&application=xfg-frame-archetype-std&application.version=1.0.0&background=false&bind.ip=192.168.40.1&bind.port=20880&category=configurators&check=false&deprecated=false&dubbo=2.0.2&dynamic=true&generic=false&interface=cn.godrel.api.IUserService&methods=queryUserInfo&pid=10496&qos.enable=false&release=3.0.9&revision=1.0.0&service-name-mapping=true&side=provider&timeout=450&timestamp=1740710135939&version=1.0.0, dubbo version: 3.0.9, current host: 192.168.40.1
25-02-28.10:36:53.495 [Thread-4        ] WARN  HttpClientBeanHolder   - [HttpClientBeanHolder] Start destroying common HttpClient
25-02-28.10:36:53.496 [Thread-9        ] WARN  NotifyCenter           - [NotifyCenter] Start destroying Publisher
25-02-28.10:36:53.496 [Thread-9        ] WARN  NotifyCenter           - [NotifyCenter] Destruction of the end
25-02-28.10:36:53.497 [Thread-4        ] WARN  HttpClientBeanHolder   - [HttpClientBeanHolder] Destruction of the end
25-02-28.10:36:53.498 [SpringApplicationShutdownHook] WARN  RegistryManager        -  [DUBBO] All registry instances have been destroyed, failed to fetch any instance. Usually, this means no need to try to do unnecessary redundant resource clearance, all registries has been taken care of., dubbo version: 3.0.9, current host: 192.168.40.1
25-02-28.10:36:53.499 [SpringApplicationShutdownHook] WARN  RegistryManager        -  [DUBBO] All registry instances have been destroyed, failed to fetch any instance. Usually, this means no need to try to do unnecessary redundant resource clearance, all registries has been taken care of., dubbo version: 3.0.9, current host: 192.168.40.1
25-02-28.10:44:09.267 [main            ] WARN  ServiceAnnotationPostProcessor -  [DUBBO] No class annotated by Dubbo @Service was found under package [cn.bugstack.api], ignore re-scanned classes: 0, dubbo version: 3.0.9, current host: 192.168.40.1
25-02-28.10:44:12.166 [main            ] WARN  ConfigurationUtils     -  [DUBBO] Config center was specified, but no config item found., dubbo version: 3.0.9, current host: 192.168.40.1
25-02-28.10:44:12.166 [main            ] WARN  ConfigurationUtils     -  [DUBBO] Config center was specified, but no config item found., dubbo version: 3.0.9, current host: 192.168.40.1
25-02-28.10:44:17.298 [main            ] WARN  ServiceConfig          -  [DUBBO] Use random available port(20880) for protocol dubbo, dubbo version: 3.0.9, current host: 192.168.40.1
25-02-28.10:44:17.829 [main            ] WARN  NacosRegistry          -  [DUBBO] Ignore empty notify urls for subscribe url provider://192.168.40.1:20880/cn.godrel.api.IUserService?anyhost=true&application=xfg-frame-archetype-std&application.version=1.0.0&background=false&bind.ip=192.168.40.1&bind.port=20880&category=configurators&check=false&deprecated=false&dubbo=2.0.2&dynamic=true&generic=false&interface=cn.godrel.api.IUserService&methods=queryUserInfo&pid=4120&qos.enable=false&release=3.0.9&revision=1.0.0&service-name-mapping=true&side=provider&timeout=450&timestamp=1740710657294&version=1.0.0, dubbo version: 3.0.9, current host: 192.168.40.1
25-02-28.10:44:18.238 [main            ] WARN  NacosRegistry          -  [DUBBO] Ignore empty notify urls for subscribe url provider://192.168.40.1:20880/org.apache.dubbo.metadata.MetadataService?anyhost=true&application=xfg-frame-archetype-std&application.version=1.0.0&background=false&bind.ip=192.168.40.1&bind.port=20880&category=configurators&check=false&connections=1&corethreads=2&delay=0&deprecated=false&dubbo=2.0.2&dynamic=true&executes=100&generic=false&getAndListenInstanceMetadata.1.callback=true&getAndListenInstanceMetadata.return=true&getAndListenInstanceMetadata.sent=true&group=xfg-frame-archetype-std&interface=org.apache.dubbo.metadata.MetadataService&methods=getMetadataURL,isMetadataService,getExportedURLs,getAndListenInstanceMetadata,serviceName,version,getSubscribedURLs,getExportedServiceURLs,exportInstanceMetadata,getMetadataInfo,toSortedStrings,getMetadataInfos,getServiceDefinition,getInstanceMetadataChangedListenerMap&pid=4120&qos.enable=false&register=false&release=3.0.9&revision=3.0.9&service-name-mapping=true&side=provider&threadpool=cached&threads=100&timestamp=1740710657991&version=1.0.0, dubbo version: 3.0.9, current host: 192.168.40.1
25-02-28.10:44:18.836 [Thread-4        ] WARN  HttpClientBeanHolder   - [HttpClientBeanHolder] Start destroying common HttpClient
25-02-28.10:44:18.836 [Thread-9        ] WARN  NotifyCenter           - [NotifyCenter] Start destroying Publisher
25-02-28.10:44:18.837 [Thread-9        ] WARN  NotifyCenter           - [NotifyCenter] Destruction of the end
25-02-28.10:44:18.837 [Thread-4        ] WARN  HttpClientBeanHolder   - [HttpClientBeanHolder] Destruction of the end
25-02-28.10:44:18.838 [SpringApplicationShutdownHook] WARN  RegistryManager        -  [DUBBO] All registry instances have been destroyed, failed to fetch any instance. Usually, this means no need to try to do unnecessary redundant resource clearance, all registries has been taken care of., dubbo version: 3.0.9, current host: 192.168.40.1
25-02-28.10:44:18.839 [SpringApplicationShutdownHook] WARN  RegistryManager        -  [DUBBO] All registry instances have been destroyed, failed to fetch any instance. Usually, this means no need to try to do unnecessary redundant resource clearance, all registries has been taken care of., dubbo version: 3.0.9, current host: 192.168.40.1
25-02-28.10:45:38.701 [main            ] WARN  ServiceAnnotationPostProcessor -  [DUBBO] No class annotated by Dubbo @Service was found under package [cn.bugstack.api], ignore re-scanned classes: 0, dubbo version: 3.0.9, current host: 192.168.40.1
25-02-28.10:45:42.091 [main            ] WARN  ConfigurationUtils     -  [DUBBO] Config center was specified, but no config item found., dubbo version: 3.0.9, current host: 192.168.40.1
25-02-28.10:45:42.091 [main            ] WARN  ConfigurationUtils     -  [DUBBO] Config center was specified, but no config item found., dubbo version: 3.0.9, current host: 192.168.40.1
25-02-28.10:45:49.668 [main            ] WARN  ServiceConfig          -  [DUBBO] Use random available port(20880) for protocol dubbo, dubbo version: 3.0.9, current host: 192.168.40.1
25-02-28.10:45:50.301 [main            ] WARN  NacosRegistry          -  [DUBBO] Ignore empty notify urls for subscribe url provider://192.168.40.1:20880/cn.godrel.api.IUserService?anyhost=true&application=xfg-frame-archetype-std&application.version=1.0.0&background=false&bind.ip=192.168.40.1&bind.port=20880&category=configurators&check=false&deprecated=false&dubbo=2.0.2&dynamic=true&generic=false&interface=cn.godrel.api.IUserService&methods=queryUserInfo&pid=18016&qos.enable=false&release=3.0.9&revision=1.0.0&service-name-mapping=true&side=provider&timeout=450&timestamp=1740710749658&version=1.0.0, dubbo version: 3.0.9, current host: 192.168.40.1
25-02-28.10:45:50.716 [main            ] WARN  NacosRegistry          -  [DUBBO] Ignore empty notify urls for subscribe url provider://192.168.40.1:20880/org.apache.dubbo.metadata.MetadataService?anyhost=true&application=xfg-frame-archetype-std&application.version=1.0.0&background=false&bind.ip=192.168.40.1&bind.port=20880&category=configurators&check=false&connections=1&corethreads=2&delay=0&deprecated=false&dubbo=2.0.2&dynamic=true&executes=100&generic=false&getAndListenInstanceMetadata.1.callback=true&getAndListenInstanceMetadata.return=true&getAndListenInstanceMetadata.sent=true&group=xfg-frame-archetype-std&interface=org.apache.dubbo.metadata.MetadataService&methods=getMetadataURL,isMetadataService,getExportedURLs,getAndListenInstanceMetadata,serviceName,version,getSubscribedURLs,getExportedServiceURLs,exportInstanceMetadata,getMetadataInfo,toSortedStrings,getMetadataInfos,getServiceDefinition,getInstanceMetadataChangedListenerMap&pid=18016&qos.enable=false&register=false&release=3.0.9&revision=3.0.9&service-name-mapping=true&side=provider&threadpool=cached&threads=100&timestamp=1740710750455&version=1.0.0, dubbo version: 3.0.9, current host: 192.168.40.1
25-02-28.10:45:50.868 [Dubbo-framework-registry-notification-0-thread-1] WARN  NacosRegistry          -  [DUBBO] Ignore empty notify urls for subscribe url provider://192.168.40.1:20880/cn.godrel.api.IUserService?anyhost=true&application=xfg-frame-archetype-std&application.version=1.0.0&background=false&bind.ip=192.168.40.1&bind.port=20880&category=configurators&check=false&deprecated=false&dubbo=2.0.2&dynamic=true&generic=false&interface=cn.godrel.api.IUserService&methods=queryUserInfo&pid=18016&qos.enable=false&release=3.0.9&revision=1.0.0&service-name-mapping=true&side=provider&timeout=450&timestamp=1740710749658&version=1.0.0, dubbo version: 3.0.9, current host: 192.168.40.1
25-02-28.10:46:14.568 [Thread-4        ] WARN  HttpClientBeanHolder   - [HttpClientBeanHolder] Start destroying common HttpClient
25-02-28.10:46:14.568 [Thread-4        ] WARN  HttpClientBeanHolder   - [HttpClientBeanHolder] Destruction of the end
25-02-28.10:46:14.568 [Thread-9        ] WARN  NotifyCenter           - [NotifyCenter] Start destroying Publisher
25-02-28.10:46:14.569 [Thread-9        ] WARN  NotifyCenter           - [NotifyCenter] Destruction of the end
25-02-28.10:46:14.569 [SpringApplicationShutdownHook] WARN  RegistryManager        -  [DUBBO] All registry instances have been destroyed, failed to fetch any instance. Usually, this means no need to try to do unnecessary redundant resource clearance, all registries has been taken care of., dubbo version: 3.0.9, current host: 192.168.40.1
25-02-28.10:46:14.570 [SpringApplicationShutdownHook] WARN  RegistryManager        -  [DUBBO] All registry instances have been destroyed, failed to fetch any instance. Usually, this means no need to try to do unnecessary redundant resource clearance, all registries has been taken care of., dubbo version: 3.0.9, current host: 192.168.40.1
25-02-28.10:47:37.922 [main            ] WARN  ServiceAnnotationPostProcessor -  [DUBBO] No class annotated by Dubbo @Service was found under package [cn.bugstack.api], ignore re-scanned classes: 0, dubbo version: 3.0.9, current host: 192.168.40.1
25-02-28.10:47:41.271 [main            ] WARN  ConfigurationUtils     -  [DUBBO] Config center was specified, but no config item found., dubbo version: 3.0.9, current host: 192.168.40.1
25-02-28.10:47:41.271 [main            ] WARN  ConfigurationUtils     -  [DUBBO] Config center was specified, but no config item found., dubbo version: 3.0.9, current host: 192.168.40.1
25-02-28.10:47:47.060 [main            ] WARN  ServiceConfig          -  [DUBBO] Use random available port(20880) for protocol dubbo, dubbo version: 3.0.9, current host: 192.168.40.1
25-02-28.10:47:47.615 [main            ] WARN  NacosRegistry          -  [DUBBO] Ignore empty notify urls for subscribe url provider://192.168.40.1:20880/cn.godrel.api.IUserService?anyhost=true&application=xfg-frame-archetype-std&application.version=1.0.0&background=false&bind.ip=192.168.40.1&bind.port=20880&category=configurators&check=false&deprecated=false&dubbo=2.0.2&dynamic=true&generic=false&interface=cn.godrel.api.IUserService&methods=queryUserInfo&pid=22480&qos.enable=false&release=3.0.9&revision=1.0.0&service-name-mapping=true&side=provider&timeout=450&timestamp=1740710867055&version=1.0.0, dubbo version: 3.0.9, current host: 192.168.40.1
25-02-28.10:47:48.022 [main            ] WARN  NacosRegistry          -  [DUBBO] Ignore empty notify urls for subscribe url provider://192.168.40.1:20880/org.apache.dubbo.metadata.MetadataService?anyhost=true&application=xfg-frame-archetype-std&application.version=1.0.0&background=false&bind.ip=192.168.40.1&bind.port=20880&category=configurators&check=false&connections=1&corethreads=2&delay=0&deprecated=false&dubbo=2.0.2&dynamic=true&executes=100&generic=false&getAndListenInstanceMetadata.1.callback=true&getAndListenInstanceMetadata.return=true&getAndListenInstanceMetadata.sent=true&group=xfg-frame-archetype-std&interface=org.apache.dubbo.metadata.MetadataService&methods=getMetadataURL,isMetadataService,getExportedURLs,getAndListenInstanceMetadata,serviceName,version,getSubscribedURLs,getExportedServiceURLs,exportInstanceMetadata,getMetadataInfo,toSortedStrings,getMetadataInfos,getServiceDefinition,getInstanceMetadataChangedListenerMap&pid=22480&qos.enable=false&register=false&release=3.0.9&revision=3.0.9&service-name-mapping=true&side=provider&threadpool=cached&threads=100&timestamp=1740710867772&version=1.0.0, dubbo version: 3.0.9, current host: 192.168.40.1
25-02-28.10:47:48.194 [Dubbo-framework-registry-notification-0-thread-1] WARN  NacosRegistry          -  [DUBBO] Ignore empty notify urls for subscribe url provider://192.168.40.1:20880/cn.godrel.api.IUserService?anyhost=true&application=xfg-frame-archetype-std&application.version=1.0.0&background=false&bind.ip=192.168.40.1&bind.port=20880&category=configurators&check=false&deprecated=false&dubbo=2.0.2&dynamic=true&generic=false&interface=cn.godrel.api.IUserService&methods=queryUserInfo&pid=22480&qos.enable=false&release=3.0.9&revision=1.0.0&service-name-mapping=true&side=provider&timeout=450&timestamp=1740710867055&version=1.0.0, dubbo version: 3.0.9, current host: 192.168.40.1
25-02-28.10:48:38.945 [HikariPool-1 housekeeper] WARN  HikariPool             - HikariPool-1 - Thread starvation or clock leap detected (housekeeper delta=1m20s397ms365s600ns).
25-02-28.10:51:08.106 [Thread-9        ] WARN  NotifyCenter           - [NotifyCenter] Start destroying Publisher
25-02-28.10:51:08.107 [Thread-9        ] WARN  NotifyCenter           - [NotifyCenter] Destruction of the end
25-02-28.10:51:08.107 [Thread-4        ] WARN  HttpClientBeanHolder   - [HttpClientBeanHolder] Start destroying common HttpClient
25-02-28.10:51:08.107 [Thread-4        ] WARN  HttpClientBeanHolder   - [HttpClientBeanHolder] Destruction of the end
25-02-28.10:51:08.108 [SpringApplicationShutdownHook] WARN  RegistryManager        -  [DUBBO] All registry instances have been destroyed, failed to fetch any instance. Usually, this means no need to try to do unnecessary redundant resource clearance, all registries has been taken care of., dubbo version: 3.0.9, current host: 192.168.40.1
25-02-28.10:51:08.108 [SpringApplicationShutdownHook] WARN  RegistryManager        -  [DUBBO] All registry instances have been destroyed, failed to fetch any instance. Usually, this means no need to try to do unnecessary redundant resource clearance, all registries has been taken care of., dubbo version: 3.0.9, current host: 192.168.40.1
25-02-28.11:30:14.088 [main            ] WARN  ServiceAnnotationPostProcessor -  [DUBBO] No class annotated by Dubbo @Service was found under package [cn.bugstack.api], ignore re-scanned classes: 0, dubbo version: 3.0.9, current host: 192.168.40.1
25-02-28.11:30:17.391 [main            ] WARN  ConfigurationUtils     -  [DUBBO] Config center was specified, but no config item found., dubbo version: 3.0.9, current host: 192.168.40.1
25-02-28.11:30:17.392 [main            ] WARN  ConfigurationUtils     -  [DUBBO] Config center was specified, but no config item found., dubbo version: 3.0.9, current host: 192.168.40.1
25-02-28.11:30:23.292 [main            ] WARN  ServiceConfig          -  [DUBBO] Use random available port(20880) for protocol dubbo, dubbo version: 3.0.9, current host: 192.168.40.1
25-02-28.11:30:23.877 [main            ] WARN  NacosRegistry          -  [DUBBO] Ignore empty notify urls for subscribe url provider://192.168.40.1:20880/cn.godrel.api.IUserService?anyhost=true&application=xfg-frame-archetype-std&application.version=1.0.0&background=false&bind.ip=192.168.40.1&bind.port=20880&category=configurators&check=false&deprecated=false&dubbo=2.0.2&dynamic=true&generic=false&interface=cn.godrel.api.IUserService&methods=queryUserInfo&pid=24284&qos.enable=false&release=3.0.9&revision=1.0.0&service-name-mapping=true&side=provider&timeout=450&timestamp=1740713423287&version=1.0.0, dubbo version: 3.0.9, current host: 192.168.40.1
25-02-28.11:30:24.288 [main            ] WARN  NacosRegistry          -  [DUBBO] Ignore empty notify urls for subscribe url provider://192.168.40.1:20880/org.apache.dubbo.metadata.MetadataService?anyhost=true&application=xfg-frame-archetype-std&application.version=1.0.0&background=false&bind.ip=192.168.40.1&bind.port=20880&category=configurators&check=false&connections=1&corethreads=2&delay=0&deprecated=false&dubbo=2.0.2&dynamic=true&executes=100&generic=false&getAndListenInstanceMetadata.1.callback=true&getAndListenInstanceMetadata.return=true&getAndListenInstanceMetadata.sent=true&group=xfg-frame-archetype-std&interface=org.apache.dubbo.metadata.MetadataService&methods=getMetadataURL,isMetadataService,getExportedURLs,getAndListenInstanceMetadata,serviceName,version,getSubscribedURLs,getExportedServiceURLs,exportInstanceMetadata,getMetadataInfo,toSortedStrings,getMetadataInfos,getServiceDefinition,getInstanceMetadataChangedListenerMap&pid=24284&qos.enable=false&register=false&release=3.0.9&revision=3.0.9&service-name-mapping=true&side=provider&threadpool=cached&threads=100&timestamp=1740713424026&version=1.0.0, dubbo version: 3.0.9, current host: 192.168.40.1
25-02-28.11:30:49.968 [HikariPool-1 housekeeper] WARN  HikariPool             - HikariPool-1 - Thread starvation or clock leap detected (housekeeper delta=55s142ms336s800ns).
25-02-28.11:34:24.964 [HikariPool-1 housekeeper] WARN  HikariPool             - HikariPool-1 - Thread starvation or clock leap detected (housekeeper delta=3m34s989ms360s200ns).
25-02-28.11:35:13.824 [HikariPool-1 housekeeper] WARN  HikariPool             - HikariPool-1 - Thread starvation or clock leap detected (housekeeper delta=48s861ms10s900ns).
25-02-28.11:36:45.996 [HikariPool-1 housekeeper] WARN  HikariPool             - HikariPool-1 - Thread starvation or clock leap detected (housekeeper delta=1m1s347ms818s500ns).
25-02-28.11:37:59.364 [redisson-timer-4-1] ERROR PingConnectionHandler  - Unable to send PING command over channel: [id: 0x4922c5d0, L:/127.0.0.1:64144 - R:127.0.0.1/127.0.0.1:16379]
org.redisson.client.RedisTimeoutException: Command execution timeout for command: (PING), params: [], Redis client: [addr=redis://127.0.0.1:16379]
	at org.redisson.client.RedisConnection.lambda$async$0(RedisConnection.java:256)
	at io.netty.util.HashedWheelTimer$HashedWheelTimeout.run(HashedWheelTimer.java:715)
	at io.netty.util.concurrent.ImmediateExecutor.execute(ImmediateExecutor.java:34)
	at io.netty.util.HashedWheelTimer$HashedWheelTimeout.expire(HashedWheelTimer.java:703)
	at io.netty.util.HashedWheelTimer$HashedWheelBucket.expireTimeouts(HashedWheelTimer.java:790)
	at io.netty.util.HashedWheelTimer$Worker.run(HashedWheelTimer.java:503)
	at io.netty.util.concurrent.FastThreadLocalRunnable.run(FastThreadLocalRunnable.java:30)
	at java.lang.Thread.run(Thread.java:826)
25-02-28.11:38:48.781 [HikariPool-1 housekeeper] WARN  HikariPool             - HikariPool-1 - Thread starvation or clock leap detected (housekeeper delta=50s24ms642s100ns).
25-02-28.11:38:56.216 [Dubbo-framework-registry-notification-0-thread-1] WARN  NacosRegistry          -  [DUBBO] Ignore empty notify urls for subscribe url provider://192.168.40.1:20880/cn.godrel.api.IUserService?anyhost=true&application=xfg-frame-archetype-std&application.version=1.0.0&background=false&bind.ip=192.168.40.1&bind.port=20880&category=configurators&check=false&deprecated=false&dubbo=2.0.2&dynamic=true&generic=false&interface=cn.godrel.api.IUserService&methods=queryUserInfo&pid=24284&qos.enable=false&release=3.0.9&revision=1.0.0&service-name-mapping=true&side=provider&timeout=450&timestamp=1740713423287&version=1.0.0, dubbo version: 3.0.9, current host: 192.168.40.1
25-02-28.11:38:56.338 [Thread-9        ] WARN  NotifyCenter           - [NotifyCenter] Start destroying Publisher
25-02-28.11:38:56.339 [Thread-9        ] WARN  NotifyCenter           - [NotifyCenter] Destruction of the end
25-02-28.11:38:56.339 [Thread-4        ] WARN  HttpClientBeanHolder   - [HttpClientBeanHolder] Start destroying common HttpClient
25-02-28.11:38:56.340 [Thread-4        ] WARN  HttpClientBeanHolder   - [HttpClientBeanHolder] Destruction of the end
25-02-28.11:38:56.341 [SpringApplicationShutdownHook] WARN  RegistryManager        -  [DUBBO] All registry instances have been destroyed, failed to fetch any instance. Usually, this means no need to try to do unnecessary redundant resource clearance, all registries has been taken care of., dubbo version: 3.0.9, current host: 192.168.40.1
25-02-28.11:38:56.342 [SpringApplicationShutdownHook] WARN  RegistryManager        -  [DUBBO] All registry instances have been destroyed, failed to fetch any instance. Usually, this means no need to try to do unnecessary redundant resource clearance, all registries has been taken care of., dubbo version: 3.0.9, current host: 192.168.40.1
